18:32:46 **** Rebuild of configuration Debug for project Q5 ****
Info: Internal Builder is used for build
gcc -O0 -g3 -Wall -c -fmessage-length=0 -o Q5.o "..\\Q5.c" 
..\Q5.c:14:6: warning: return type of 'main' is not 'int' [-Wmain]
 void main(){
      ^~~~
..\Q5.c: In function 'main':
..\Q5.c:21:28: warning: format '%d' expects argument of type 'int', but argument 2 has type 'double' [-Wformat=]
  printf("Area of circle = %d",area);
                            ^
gcc -o Q5.exe Q5.o 
18:33:02 **** Incremental Build of configuration Debug for project Q5 ****
Info: Internal Builder is used for build
gcc -O0 -g3 -Wall -c -fmessage-length=0 -o Q5.o "..\\Q5.c" 
..\Q5.c:14:6: warning: return type of 'main' is not 'int' [-Wmain]
 void main(){
      ^~~~
gcc -o Q5.exe Q5.o 
18:33:27 **** Incremental Build of configuration Debug for project Q5 ****
Info: Internal Builder is used for build
gcc -O0 -g3 -Wall -c -fmessage-length=0 -o Q5.o "..\\Q5.c" 
..\Q5.c:14:6: warning: return type of 'main' is not 'int' [-Wmain]
 void main(){
      ^~~~
gcc -o Q5.exe Q5.o 
